Android/app/build/manifest_merge_blame_file/debug/manifest-merger-blame-debug-report.txt
1<?xml version="1.0" encoding="utf-8"?>
2<manifest xmlns:android="http://schemas.android.com/apk/res/android"
3    package="com.dmatsanganis.clickawayapp"
4    android:versionCode="1"
5    android:versionName="1.0" >
6
7    <uses-sdk
8        android:minSdkVersion="26"
8-->src\main\AndroidManifest.xml
9        android:targetSdkVersion="30" />
9-->src\main\AndroidManifest.xml
10    <!--
11         The ACCESS_COARSE/FINE_LOCATION permissions are not required to use
12         Google Maps Android API v2, but you must specify either coarse or fine
13         location permissions for the "MyLocation" functionality.
14    -->
15    <uses-permission android:name="android.permission.ACCESS_FINE_LOCATION" />
15-->src\main\AndroidManifest.xml:9:5-79
15-->src\main\AndroidManifest.xml:9:22-76
16    <uses-permission android:name="android.permission. ACCESS_COARSE_LOCATION" />
16-->src\main\AndroidManifest.xml:10:5-82
16-->src\main\AndroidManifest.xml:10:22-79
17    <uses-permission android:name="android.permission.INTERNET" />
17-->src\main\AndroidManifest.xml:11:5-67
17-->src\main\AndroidManifest.xml:11:22-64
18    <uses-permission android:name="android.permission.VIBRATE" />
18-->src\main\AndroidManifest.xml:12:5-66
18-->src\main\AndroidManifest.xml:12:22-63
19    <uses-permission android:name="android.permission.ACCESS_NETWORK_STATE" />
19-->src\main\AndroidManifest.xml:13:5-78
19-->src\main\AndroidManifest.xml:13:22-76
20
21    <uses-feature
21-->[com.google.android.gms:play-services-maps:17.0.0] AndroidManifest.xml:26:5-28:35
22        android:glEsVersion="0x00020000"
22-->[com.google.android.gms:play-services-maps:17.0.0] AndroidManifest.xml:27:9-41
23        android:required="true" />
23-->[com.google.android.gms:play-services-maps:17.0.0] AndroidManifest.xml:28:9-32
24
25    <application
25-->src\main\AndroidManifest.xml:16:5-66:19
26        android:allowBackup="true"
26-->src\main\AndroidManifest.xml:17:9-35
27        android:appComponentFactory="androidx.core.app.CoreComponentFactory"
27-->[androidx.core:core:1.3.1] AndroidManifest.xml:24:18-86
28        android:debuggable="true"
29        android:extractNativeLibs="false"
30        android:icon="@mipmap/ic_launcher"
30-->src\main\AndroidManifest.xml:18:9-43
31        android:label="@string/app_name"
31-->src\main\AndroidManifest.xml:19:9-41
32        android:roundIcon="@mipmap/ic_launcher_round"
32-->src\main\AndroidManifest.xml:20:9-54
33        android:supportsRtl="true"
33-->src\main\AndroidManifest.xml:21:9-35
34        android:theme="@style/Theme.ClickAwayApp" >
34-->src\main\AndroidManifest.xml:22:9-50
35        <activity android:name="com.dmatsanganis.clickawayapp.OrderActivities.OrderPickup" />
35-->src\main\AndroidManifest.xml:23:9-103
35-->src\main\AndroidManifest.xml:23:19-91
36        <activity android:name="com.dmatsanganis.clickawayapp.OrderActivities.OrderPurchase" />
36-->src\main\AndroidManifest.xml:24:9-96
36-->src\main\AndroidManifest.xml:24:19-93
37        <activity android:name="com.dmatsanganis.clickawayapp.OrderActivities.OrderDateTime" />
37-->src\main\AndroidManifest.xml:25:9-96
37-->src\main\AndroidManifest.xml:25:19-93
38        <activity android:name="com.dmatsanganis.clickawayapp.OrderActivities.OrderLocation" />
38-->src\main\AndroidManifest.xml:26:9-96
38-->src\main\AndroidManifest.xml:26:19-93
39
40        <meta-data
40-->src\main\AndroidManifest.xml:28:9-30:55
41            android:name="com.google.android.geo.API_KEY"
41-->src\main\AndroidManifest.xml:29:13-58
42            android:value="@string/google_maps_key" />
42-->src\main\AndroidManifest.xml:30:13-52
43
44        <activity
44-->src\main\AndroidManifest.xml:32:9-35:59
45            android:name="com.dmatsanganis.clickawayapp.MapsActivity"
45-->src\main\AndroidManifest.xml:33:13-70
46            android:configChanges="locale|layoutDirection"
46-->src\main\AndroidManifest.xml:34:13-59
47            android:label="@string/title_activity_maps" />
47-->src\main\AndroidManifest.xml:35:13-56
48        <activity
48-->src\main\AndroidManifest.xml:36:9-38:62
49            android:name="com.dmatsanganis.clickawayapp.OrderActivities.OrderReschedule"
49-->src\main\AndroidManifest.xml:37:13-89
50            android:configChanges="locale|layoutDirection" />
50-->src\main\AndroidManifest.xml:38:13-59
51        <activity
51-->src\main\AndroidManifest.xml:39:9-41:62
52            android:name="com.dmatsanganis.clickawayapp.ProductDetails.TabletDetails"
52-->src\main\AndroidManifest.xml:40:13-86
53            android:configChanges="locale|layoutDirection" />
53-->src\main\AndroidManifest.xml:41:13-59
54        <activity
54-->src\main\AndroidManifest.xml:42:9-44:62
55            android:name="com.dmatsanganis.clickawayapp.ProductDetails.SmartphoneDetails"
55-->src\main\AndroidManifest.xml:43:13-90
56            android:configChanges="locale|layoutDirection" />
56-->src\main\AndroidManifest.xml:44:13-59
57        <activity
57-->src\main\AndroidManifest.xml:45:9-47:62
58            android:name="com.dmatsanganis.clickawayapp.ProductDetails.LaptopDetails"
58-->src\main\AndroidManifest.xml:46:13-86
59            android:configChanges="locale|layoutDirection" />
59-->src\main\AndroidManifest.xml:47:13-59
60        <activity
60-->src\main\AndroidManifest.xml:48:9-50:62
61            android:name="com.dmatsanganis.clickawayapp.Register"
61-->src\main\AndroidManifest.xml:49:13-66
62            android:configChanges="locale|layoutDirection" />
62-->src\main\AndroidManifest.xml:50:13-59
63        <activity
63-->src\main\AndroidManifest.xml:51:9-53:62
64            android:name="com.dmatsanganis.clickawayapp.MainActivity"
64-->src\main\AndroidManifest.xml:52:13-70
65            android:configChanges="locale|layoutDirection" />
65-->src\main\AndroidManifest.xml:53:13-59
66        <activity
66-->src\main\AndroidManifest.xml:54:9-56:62
67            android:name="com.dmatsanganis.clickawayapp.Login"
67-->src\main\AndroidManifest.xml:55:13-63
68            android:configChanges="locale|layoutDirection" />
68-->src\main\AndroidManifest.xml:56:13-59
69        <activity
69-->src\main\AndroidManifest.xml:57:9-65:20
70            android:name="com.dmatsanganis.clickawayapp.StartingPage"
70-->src\main\AndroidManifest.xml:58:13-70
71            android:configChanges="locale|layoutDirection" >
71-->src\main\AndroidManifest.xml:59:13-59
72            <intent-filter>
72-->src\main\AndroidManifest.xml:60:13-64:29
73                <action android:name="android.intent.action.MAIN" />
73-->src\main\AndroidManifest.xml:61:17-69
73-->src\main\AndroidManifest.xml:61:25-66
74
75                <category android:name="android.intent.category.LAUNCHER" />
75-->src\main\AndroidManifest.xml:63:17-77
75-->src\main\AndroidManifest.xml:63:27-74
76            </intent-filter>
77        </activity>
78        <activity
78-->[com.google.firebase:firebase-auth:20.0.4] AndroidManifest.xml:27:9-44:20
79            android:name="com.google.firebase.auth.internal.GenericIdpActivity"
79-->[com.google.firebase:firebase-auth:20.0.4] AndroidManifest.xml:28:13-80
80            android:excludeFromRecents="true"
80-->[com.google.firebase:firebase-auth:20.0.4] AndroidManifest.xml:29:13-46
81            android:exported="true"
81-->[com.google.firebase:firebase-auth:20.0.4] AndroidManifest.xml:30:13-36
82            android:launchMode="singleTask"
82-->[com.google.firebase:firebase-auth:20.0.4] AndroidManifest.xml:31:13-44
83            android:theme="@android:style/Theme.Translucent.NoTitleBar" >
83-->[com.google.firebase:firebase-auth:20.0.4] AndroidManifest.xml:32:13-72
84            <intent-filter>
84-->[com.google.firebase:firebase-auth:20.0.4] AndroidManifest.xml:33:13-43:29
85                <action android:name="android.intent.action.VIEW" />
85-->[com.google.firebase:firebase-auth:20.0.4] AndroidManifest.xml:34:17-69
85-->[com.google.firebase:firebase-auth:20.0.4] AndroidManifest.xml:34:25-66
86
87                <category android:name="android.intent.category.DEFAULT" />
87-->[com.google.firebase:firebase-auth:20.0.4] AndroidManifest.xml:36:17-76
87-->[com.google.firebase:firebase-auth:20.0.4] AndroidManifest.xml:36:27-73
88                <category android:name="android.intent.category.BROWSABLE" />
88-->[com.google.firebase:firebase-auth:20.0.4] AndroidManifest.xml:37:17-78
88-->[com.google.firebase:firebase-auth:20.0.4] AndroidManifest.xml:37:27-75
89
90                <data
90-->[com.google.firebase:firebase-auth:20.0.4] AndroidManifest.xml:39:17-42:51
91                    android:host="firebase.auth"
91-->[com.google.firebase:firebase-auth:20.0.4] AndroidManifest.xml:40:21-49
92                    android:path="/"
92-->[com.google.firebase:firebase-auth:20.0.4] AndroidManifest.xml:41:21-37
93                    android:scheme="genericidp" />
93-->[com.google.firebase:firebase-auth:20.0.4] AndroidManifest.xml:42:21-48
94            </intent-filter>
95        </activity>
96        <activity
96-->[com.google.firebase:firebase-auth:20.0.4] AndroidManifest.xml:45:9-62:20
97            android:name="com.google.firebase.auth.internal.RecaptchaActivity"
97-->[com.google.firebase:firebase-auth:20.0.4] AndroidManifest.xml:46:13-79
98            android:excludeFromRecents="true"
98-->[com.google.firebase:firebase-auth:20.0.4] AndroidManifest.xml:47:13-46
99            android:exported="true"
99-->[com.google.firebase:firebase-auth:20.0.4] AndroidManifest.xml:48:13-36
100            android:launchMode="singleTask"
100-->[com.google.firebase:firebase-auth:20.0.4] AndroidManifest.xml:49:13-44
101            android:theme="@android:style/Theme.Translucent.NoTitleBar" >
101-->[com.google.firebase:firebase-auth:20.0.4] AndroidManifest.xml:50:13-72
102            <intent-filter>
102-->[com.google.firebase:firebase-auth:20.0.4] AndroidManifest.xml:51:13-61:29
103                <action android:name="android.intent.action.VIEW" />
103-->[com.google.firebase:firebase-auth:20.0.4] AndroidManifest.xml:34:17-69
103-->[com.google.firebase:firebase-auth:20.0.4] AndroidManifest.xml:34:25-66
104
105                <category android:name="android.intent.category.DEFAULT" />
105-->[com.google.firebase:firebase-auth:20.0.4] AndroidManifest.xml:36:17-76
105-->[com.google.firebase:firebase-auth:20.0.4] AndroidManifest.xml:36:27-73
106                <category android:name="android.intent.category.BROWSABLE" />
106-->[com.google.firebase:firebase-auth:20.0.4] AndroidManifest.xml:37:17-78
106-->[com.google.firebase:firebase-auth:20.0.4] AndroidManifest.xml:37:27-75
107
108                <data
108-->[com.google.firebase:firebase-auth:20.0.4] AndroidManifest.xml:39:17-42:51
109                    android:host="firebase.auth"
109-->[com.google.firebase:firebase-auth:20.0.4] AndroidManifest.xml:40:21-49
110                    android:path="/"
110-->[com.google.firebase:firebase-auth:20.0.4] AndroidManifest.xml:41:21-37
111                    android:scheme="recaptcha" />
111-->[com.google.firebase:firebase-auth:20.0.4] AndroidManifest.xml:42:21-48
112            </intent-filter>
113        </activity>
114
115        <service
115-->[com.google.firebase:firebase-auth:20.0.4] AndroidManifest.xml:64:9-73:19
116            android:name="com.google.firebase.auth.api.fallback.service.FirebaseAuthFallbackService"
116-->[com.google.firebase:firebase-auth:20.0.4] AndroidManifest.xml:65:13-101
117            android:enabled="true"
117-->[com.google.firebase:firebase-auth:20.0.4] AndroidManifest.xml:66:13-35
118            android:exported="false" >
118-->[com.google.firebase:firebase-auth:20.0.4] AndroidManifest.xml:67:13-37
119            <intent-filter>
119-->[com.google.firebase:firebase-auth:20.0.4] AndroidManifest.xml:68:13-72:29
120                <action android:name="com.google.firebase.auth.api.gms.service.START" />
120-->[com.google.firebase:firebase-auth:20.0.4] AndroidManifest.xml:69:17-89
120-->[com.google.firebase:firebase-auth:20.0.4] AndroidManifest.xml:69:25-86
121
122                <category android:name="android.intent.category.DEFAULT" />
122-->[com.google.firebase:firebase-auth:20.0.4] AndroidManifest.xml:36:17-76
122-->[com.google.firebase:firebase-auth:20.0.4] AndroidManifest.xml:36:27-73
123            </intent-filter>
124        </service>
125        <service
125-->[com.google.firebase:firebase-auth:20.0.4] AndroidManifest.xml:74:9-80:19
126            android:name="com.google.firebase.components.ComponentDiscoveryService"
126-->[com.google.firebase:firebase-auth:20.0.4] AndroidManifest.xml:75:13-84
127            android:directBootAware="true"
127-->[com.google.firebase:firebase-common:19.5.0] AndroidManifest.xml:35:13-43
128            android:exported="false" >
128-->[com.google.firebase:firebase-auth:20.0.4] AndroidManifest.xml:76:13-37
129            <meta-data
129-->[com.google.firebase:firebase-auth:20.0.4] AndroidManifest.xml:77:13-79:85
130                android:name="com.google.firebase.components:com.google.firebase.auth.FirebaseAuthRegistrar"
130-->[com.google.firebase:firebase-auth:20.0.4] AndroidManifest.xml:78:17-109
131                android:value="com.google.firebase.components.ComponentRegistrar" />
131-->[com.google.firebase:firebase-auth:20.0.4] AndroidManifest.xml:79:17-82
132            <meta-data
132-->[com.google.firebase:firebase-database:19.7.0] AndroidManifest.xml:32:13-34:85
133                android:name="com.google.firebase.components:com.google.firebase.database.DatabaseRegistrar"
133-->[com.google.firebase:firebase-database:19.7.0] AndroidManifest.xml:33:17-109
134                android:value="com.google.firebase.components.ComponentRegistrar" />
134-->[com.google.firebase:firebase-database:19.7.0] AndroidManifest.xml:34:17-82
135            <!--
136                This registrar is not defined in the dynamic-module-support sdk itself to allow non-firebase
137                clients to use it as well, by defining this registrar in their own core/common library.
138            -->
139            <meta-data
139-->[com.google.firebase:firebase-common:19.5.0] AndroidManifest.xml:43:13-45:85
140                android:name="com.google.firebase.components:com.google.firebase.dynamicloading.DynamicLoadingRegistrar"
140-->[com.google.firebase:firebase-common:19.5.0] AndroidManifest.xml:44:17-121
141                android:value="com.google.firebase.components.ComponentRegistrar" />
141-->[com.google.firebase:firebase-common:19.5.0] AndroidManifest.xml:45:17-82
142        </service> <!-- Needs to be explicitly declared on P+ -->
143        <uses-library
143-->[com.google.android.gms:play-services-maps:17.0.0] AndroidManifest.xml:33:9-35:40
144            android:name="org.apache.http.legacy"
144-->[com.google.android.gms:play-services-maps:17.0.0] AndroidManifest.xml:34:13-50
145            android:required="false" />
145-->[com.google.android.gms:play-services-maps:17.0.0] AndroidManifest.xml:35:13-37
146
147        <provider
147-->[com.google.firebase:firebase-common:19.5.0] AndroidManifest.xml:26:9-31:39
148            android:name="com.google.firebase.provider.FirebaseInitProvider"
148-->[com.google.firebase:firebase-common:19.5.0] AndroidManifest.xml:27:13-77
149            android:authorities="com.dmatsanganis.clickawayapp.firebaseinitprovider"
149-->[com.google.firebase:firebase-common:19.5.0] AndroidManifest.xml:28:13-72
150            android:directBootAware="true"
150-->[com.google.firebase:firebase-common:19.5.0] AndroidManifest.xml:29:13-43
151            android:exported="false"
151-->[com.google.firebase:firebase-common:19.5.0] AndroidManifest.xml:30:13-37
152            android:initOrder="100" />
152-->[com.google.firebase:firebase-common:19.5.0] AndroidManifest.xml:31:13-36
153
154        <activity
154-->[com.google.android.gms:play-services-base:17.1.0] AndroidManifest.xml:23:9-26:75
155            android:name="com.google.android.gms.common.api.GoogleApiActivity"
155-->[com.google.android.gms:play-services-base:17.1.0] AndroidManifest.xml:24:13-79
156            android:exported="false"
156-->[com.google.android.gms:play-services-base:17.1.0] AndroidManifest.xml:25:13-37
157            android:theme="@android:style/Theme.Translucent.NoTitleBar" />
157-->[com.google.android.gms:play-services-base:17.1.0] AndroidManifest.xml:26:13-72
158
159        <meta-data
159-->[com.google.android.gms:play-services-basement:17.1.0] AndroidManifest.xml:23:9-25:69
160            android:name="com.google.android.gms.version"
160-->[com.google.android.gms:play-services-basement:17.1.0] AndroidManifest.xml:24:13-58
161            android:value="@integer/google_play_services_version" />
161-->[com.google.android.gms:play-services-basement:17.1.0] AndroidManifest.xml:25:13-66
162    </application>
163
164</manifest>